WARNING:tensorflow:From C:\Users\yxu59\AppData\Local\miniconda3\envs\dmgp_tf1\lib\site-packages\gpflow\session_manager.py:31: The name tf.Session is deprecated. Please use tf.compat.v1.Session instead.

WARNING:tensorflow:From C:\Users\yxu59\AppData\Local\miniconda3\envs\dmgp_tf1\lib\site-packages\gpflow\session_manager.py:31: The name tf.Session is deprecated. Please use tf.compat.v1.Session instead.

WARNING:tensorflow:From C:\Users\yxu59\AppData\Local\miniconda3\envs\dmgp_tf1\lib\site-packages\gpflow\misc.py:27: The name tf.GraphKeys is deprecated. Please use tf.compat.v1.GraphKeys instead.

WARNING:tensorflow:From C:\Users\yxu59\AppData\Local\miniconda3\envs\dmgp_tf1\lib\site-packages\gpflow\misc.py:27: The name tf.GraphKeys is deprecated. Please use tf.compat.v1.GraphKeys instead.

WARNING:tensorflow:From C:\Users\yxu59\AppData\Local\miniconda3\envs\dmgp_tf1\lib\site-packages\gpflow\training\tensorflow_optimizer.py:169: The name tf.train.AdadeltaOptimizer is deprecated. Please use tf.compat.v1.train.AdadeltaOptimizer instead.

WARNING:tensorflow:From C:\Users\yxu59\AppData\Local\miniconda3\envs\dmgp_tf1\lib\site-packages\gpflow\training\tensorflow_optimizer.py:169: The name tf.train.AdadeltaOptimizer is deprecated. Please use tf.compat.v1.train.AdadeltaOptimizer instead.

WARNING:tensorflow:From C:\Users\yxu59\AppData\Local\miniconda3\envs\dmgp_tf1\lib\site-packages\gpflow\training\tensorflow_optimizer.py:156: The name tf.train.Optimizer is deprecated. Please use tf.compat.v1.train.Optimizer instead.

WARNING:tensorflow:From C:\Users\yxu59\AppData\Local\miniconda3\envs\dmgp_tf1\lib\site-packages\gpflow\training\tensorflow_optimizer.py:156: The name tf.train.Optimizer is deprecated. Please use tf.compat.v1.train.Optimizer instead.

WARNING:tensorflow:From C:\Users\yxu59\AppData\Local\miniconda3\envs\dmgp_tf1\lib\site-packages\gpflow\training\tensorflow_optimizer.py:169: The name tf.train.AdagradDAOptimizer is deprecated. Please use tf.compat.v1.train.AdagradDAOptimizer instead.

WARNING:tensorflow:From C:\Users\yxu59\AppData\Local\miniconda3\envs\dmgp_tf1\lib\site-packages\gpflow\training\tensorflow_optimizer.py:169: The name tf.train.AdagradDAOptimizer is deprecated. Please use tf.compat.v1.train.AdagradDAOptimizer instead.

WARNING:tensorflow:From C:\Users\yxu59\AppData\Local\miniconda3\envs\dmgp_tf1\lib\site-packages\gpflow\training\tensorflow_optimizer.py:169: The name tf.train.AdagradOptimizer is deprecated. Please use tf.compat.v1.train.AdagradOptimizer instead.

WARNING:tensorflow:From C:\Users\yxu59\AppData\Local\miniconda3\envs\dmgp_tf1\lib\site-packages\gpflow\training\tensorflow_optimizer.py:169: The name tf.train.AdagradOptimizer is deprecated. Please use tf.compat.v1.train.AdagradOptimizer instead.

WARNING:tensorflow:From C:\Users\yxu59\AppData\Local\miniconda3\envs\dmgp_tf1\lib\site-packages\gpflow\training\tensorflow_optimizer.py:169: The name tf.train.AdamOptimizer is deprecated. Please use tf.compat.v1.train.AdamOptimizer instead.

WARNING:tensorflow:From C:\Users\yxu59\AppData\Local\miniconda3\envs\dmgp_tf1\lib\site-packages\gpflow\training\tensorflow_optimizer.py:169: The name tf.train.AdamOptimizer is deprecated. Please use tf.compat.v1.train.AdamOptimizer instead.

WARNING:tensorflow:From C:\Users\yxu59\AppData\Local\miniconda3\envs\dmgp_tf1\lib\site-packages\gpflow\training\tensorflow_optimizer.py:169: The name tf.train.FtrlOptimizer is deprecated. Please use tf.compat.v1.train.FtrlOptimizer instead.

WARNING:tensorflow:From C:\Users\yxu59\AppData\Local\miniconda3\envs\dmgp_tf1\lib\site-packages\gpflow\training\tensorflow_optimizer.py:169: The name tf.train.FtrlOptimizer is deprecated. Please use tf.compat.v1.train.FtrlOptimizer instead.

WARNING:tensorflow:From C:\Users\yxu59\AppData\Local\miniconda3\envs\dmgp_tf1\lib\site-packages\gpflow\training\tensorflow_optimizer.py:169: The name tf.train.GradientDescentOptimizer is deprecated. Please use tf.compat.v1.train.GradientDescentOptimizer instead.

WARNING:tensorflow:From C:\Users\yxu59\AppData\Local\miniconda3\envs\dmgp_tf1\lib\site-packages\gpflow\training\tensorflow_optimizer.py:169: The name tf.train.GradientDescentOptimizer is deprecated. Please use tf.compat.v1.train.GradientDescentOptimizer instead.

WARNING:tensorflow:From C:\Users\yxu59\AppData\Local\miniconda3\envs\dmgp_tf1\lib\site-packages\gpflow\training\tensorflow_optimizer.py:169: The name tf.train.MomentumOptimizer is deprecated. Please use tf.compat.v1.train.MomentumOptimizer instead.

WARNING:tensorflow:From C:\Users\yxu59\AppData\Local\miniconda3\envs\dmgp_tf1\lib\site-packages\gpflow\training\tensorflow_optimizer.py:169: The name tf.train.MomentumOptimizer is deprecated. Please use tf.compat.v1.train.MomentumOptimizer instead.

WARNING:tensorflow:From C:\Users\yxu59\AppData\Local\miniconda3\envs\dmgp_tf1\lib\site-packages\gpflow\training\tensorflow_optimizer.py:169: The name tf.train.ProximalAdagradOptimizer is deprecated. Please use tf.compat.v1.train.ProximalAdagradOptimizer instead.

WARNING:tensorflow:From C:\Users\yxu59\AppData\Local\miniconda3\envs\dmgp_tf1\lib\site-packages\gpflow\training\tensorflow_optimizer.py:169: The name tf.train.ProximalAdagradOptimizer is deprecated. Please use tf.compat.v1.train.ProximalAdagradOptimizer instead.

WARNING:tensorflow:From C:\Users\yxu59\AppData\Local\miniconda3\envs\dmgp_tf1\lib\site-packages\gpflow\training\tensorflow_optimizer.py:169: The name tf.train.ProximalGradientDescentOptimizer is deprecated. Please use tf.compat.v1.train.ProximalGradientDescentOptimizer instead.

WARNING:tensorflow:From C:\Users\yxu59\AppData\Local\miniconda3\envs\dmgp_tf1\lib\site-packages\gpflow\training\tensorflow_optimizer.py:169: The name tf.train.ProximalGradientDescentOptimizer is deprecated. Please use tf.compat.v1.train.ProximalGradientDescentOptimizer instead.

WARNING:tensorflow:From C:\Users\yxu59\AppData\Local\miniconda3\envs\dmgp_tf1\lib\site-packages\gpflow\training\tensorflow_optimizer.py:169: The name tf.train.RMSPropOptimizer is deprecated. Please use tf.compat.v1.train.RMSPropOptimizer instead.

WARNING:tensorflow:From C:\Users\yxu59\AppData\Local\miniconda3\envs\dmgp_tf1\lib\site-packages\gpflow\training\tensorflow_optimizer.py:169: The name tf.train.RMSPropOptimizer is deprecated. Please use tf.compat.v1.train.RMSPropOptimizer instead.

WARNING:tensorflow:From C:\Users\yxu59\AppData\Local\miniconda3\envs\dmgp_tf1\lib\site-packages\gpflow\saver\coders.py:80: The name tf.data.Iterator is deprecated. Please use tf.compat.v1.data.Iterator instead.

WARNING:tensorflow:From C:\Users\yxu59\AppData\Local\miniconda3\envs\dmgp_tf1\lib\site-packages\gpflow\saver\coders.py:80: The name tf.data.Iterator is deprecated. Please use tf.compat.v1.data.Iterator instead.

WARNING:tensorflow:From C:\Users\yxu59\AppData\Local\miniconda3\envs\dmgp_tf1\lib\site-packages\gpflow\session_manager.py:95: The name tf.reset_default_graph is deprecated. Please use tf.compat.v1.reset_default_graph instead.

WARNING:tensorflow:From C:\Users\yxu59\AppData\Local\miniconda3\envs\dmgp_tf1\lib\site-packages\gpflow\session_manager.py:95: The name tf.reset_default_graph is deprecated. Please use tf.compat.v1.reset_default_graph instead.

WARNING:tensorflow:From C:\Users\yxu59\AppData\Local\miniconda3\envs\dmgp_tf1\lib\site-packages\gpflow\session_manager.py:111: The name tf.ConfigProto is deprecated. Please use tf.compat.v1.ConfigProto instead.

WARNING:tensorflow:From C:\Users\yxu59\AppData\Local\miniconda3\envs\dmgp_tf1\lib\site-packages\gpflow\session_manager.py:111: The name tf.ConfigProto is deprecated. Please use tf.compat.v1.ConfigProto instead.

WARNING:tensorflow:From experiments/dmgp/run_deep_mahalanobis_gp_npz.py:238: The name tf.set_random_seed is deprecated. Please use tf.compat.v1.set_random_seed instead.

WARNING:tensorflow:From experiments/dmgp/run_deep_mahalanobis_gp_npz.py:238: The name tf.set_random_seed is deprecated. Please use tf.compat.v1.set_random_seed instead.

WARNING:tensorflow:From C:\Users\yxu59\AppData\Local\miniconda3\envs\dmgp_tf1\lib\site-packages\gpflow\core\node.py:109: The name tf.get_default_graph is deprecated. Please use tf.compat.v1.get_default_graph instead.

WARNING:tensorflow:From C:\Users\yxu59\AppData\Local\miniconda3\envs\dmgp_tf1\lib\site-packages\gpflow\core\node.py:109: The name tf.get_default_graph is deprecated. Please use tf.compat.v1.get_default_graph instead.

WARNING:tensorflow:From C:\Users\yxu59\AppData\Local\miniconda3\envs\dmgp_tf1\lib\site-packages\gpflow\core\node.py:125: The name tf.get_default_session is deprecated. Please use tf.compat.v1.get_default_session instead.

WARNING:tensorflow:From C:\Users\yxu59\AppData\Local\miniconda3\envs\dmgp_tf1\lib\site-packages\gpflow\core\node.py:125: The name tf.get_default_session is deprecated. Please use tf.compat.v1.get_default_session instead.

WARNING:tensorflow:From C:\Users\yxu59\AppData\Local\miniconda3\envs\dmgp_tf1\lib\site-packages\gpflow\params\parameter.py:388: The name tf.placeholder is deprecated. Please use tf.compat.v1.placeholder instead.

WARNING:tensorflow:From C:\Users\yxu59\AppData\Local\miniconda3\envs\dmgp_tf1\lib\site-packages\gpflow\params\parameter.py:388: The name tf.placeholder is deprecated. Please use tf.compat.v1.placeholder instead.

WARNING:tensorflow:From C:\Users\yxu59\AppData\Local\miniconda3\envs\dmgp_tf1\lib\site-packages\gpflow\params\parameter.py:394: The name tf.get_variable is deprecated. Please use tf.compat.v1.get_variable instead.

WARNING:tensorflow:From C:\Users\yxu59\AppData\Local\miniconda3\envs\dmgp_tf1\lib\site-packages\gpflow\params\parameter.py:394: The name tf.get_variable is deprecated. Please use tf.compat.v1.get_variable instead.

WARNING:tensorflow:From C:\Users\yxu59\AppData\Local\miniconda3\envs\dmgp_tf1\lib\site-packages\gpflow\params\dataholders.py:91: The name tf.is_variable_initialized is deprecated. Please use tf.compat.v1.is_variable_initialized instead.

WARNING:tensorflow:From C:\Users\yxu59\AppData\Local\miniconda3\envs\dmgp_tf1\lib\site-packages\gpflow\params\dataholders.py:91: The name tf.is_variable_initialized is deprecated. Please use tf.compat.v1.is_variable_initialized instead.

WARNING:tensorflow:From C:\Users\yxu59\files\spring2026\park\external\DeepMahalanobisGP\library\transforms.py:65: The name tf.matrix_diag_part is deprecated. Please use tf.linalg.diag_part instead.

WARNING:tensorflow:From C:\Users\yxu59\files\spring2026\park\external\DeepMahalanobisGP\library\transforms.py:65: The name tf.matrix_diag_part is deprecated. Please use tf.linalg.diag_part instead.

WARNING:tensorflow:From C:\Users\yxu59\files\spring2026\park\external\DeepMahalanobisGP\library\transforms.py:62: The name tf.matrix_diag is deprecated. Please use tf.linalg.diag instead.

WARNING:tensorflow:From C:\Users\yxu59\files\spring2026\park\external\DeepMahalanobisGP\library\transforms.py:62: The name tf.matrix_diag is deprecated. Please use tf.linalg.diag instead.

WARNING:tensorflow:From C:\Users\yxu59\AppData\Local\miniconda3\envs\dmgp_tf1\lib\site-packages\gpflow\kernels.py:150: The name tf.assert_equal is deprecated. Please use tf.compat.v1.assert_equal instead.

WARNING:tensorflow:From C:\Users\yxu59\AppData\Local\miniconda3\envs\dmgp_tf1\lib\site-packages\gpflow\kernels.py:150: The name tf.assert_equal is deprecated. Please use tf.compat.v1.assert_equal instead.

WARNING:tensorflow:From C:\Users\yxu59\AppData\Local\miniconda3\envs\dmgp_tf1\lib\site-packages\gpflow\kernels.py:302: The name tf.matrix_transpose is deprecated. Please use tf.linalg.matrix_transpose instead.

WARNING:tensorflow:From C:\Users\yxu59\AppData\Local\miniconda3\envs\dmgp_tf1\lib\site-packages\gpflow\kernels.py:302: The name tf.matrix_transpose is deprecated. Please use tf.linalg.matrix_transpose instead.

WARNING:tensorflow:From C:\Users\yxu59\files\spring2026\park\external\DeepMahalanobisGP\library\models\deep_vmgp.py:614: The name tf.cholesky is deprecated. Please use tf.linalg.cholesky instead.

WARNING:tensorflow:From C:\Users\yxu59\files\spring2026\park\external\DeepMahalanobisGP\library\models\deep_vmgp.py:614: The name tf.cholesky is deprecated. Please use tf.linalg.cholesky instead.

WARNING:tensorflow:From C:\Users\yxu59\AppData\Local\miniconda3\envs\dmgp_tf1\lib\site-packages\tensorflow_core\python\ops\math_ops.py:4015: where (from tensorflow.python.ops.array_ops) is deprecated and will be removed in a future version.
Instructions for updating:
Use tf.where in 2.0, which has the same broadcast rule as np.where
WARNING:tensorflow:From C:\Users\yxu59\AppData\Local\miniconda3\envs\dmgp_tf1\lib\site-packages\tensorflow_core\python\ops\math_ops.py:4015: where (from tensorflow.python.ops.array_ops) is deprecated and will be removed in a future version.
Instructions for updating:
Use tf.where in 2.0, which has the same broadcast rule as np.where
WARNING:tensorflow:From C:\Users\yxu59\AppData\Local\miniconda3\envs\dmgp_tf1\lib\site-packages\tensorflow_core\python\ops\math_ops.py:4016: setdiff1d (from tensorflow.python.ops.array_ops) is deprecated and will be removed after 2018-11-30.
Instructions for updating:
This op will be removed after the deprecation date. Please switch to tf.sets.difference().
WARNING:tensorflow:From C:\Users\yxu59\AppData\Local\miniconda3\envs\dmgp_tf1\lib\site-packages\tensorflow_core\python\ops\math_ops.py:4016: setdiff1d (from tensorflow.python.ops.array_ops) is deprecated and will be removed after 2018-11-30.
Instructions for updating:
This op will be removed after the deprecation date. Please switch to tf.sets.difference().
WARNING:tensorflow:From C:\Users\yxu59\files\spring2026\park\external\DeepMahalanobisGP\library\models\deep_vmgp.py:314: The name tf.cholesky_solve is deprecated. Please use tf.linalg.cholesky_solve instead.

WARNING:tensorflow:From C:\Users\yxu59\files\spring2026\park\external\DeepMahalanobisGP\library\models\deep_vmgp.py:314: The name tf.cholesky_solve is deprecated. Please use tf.linalg.cholesky_solve instead.

WARNING:tensorflow:From C:\Users\yxu59\files\spring2026\park\external\DeepMahalanobisGP\library\models\deep_vmgp.py:633: The name tf.trace is deprecated. Please use tf.linalg.trace instead.

WARNING:tensorflow:From C:\Users\yxu59\files\spring2026\park\external\DeepMahalanobisGP\library\models\deep_vmgp.py:633: The name tf.trace is deprecated. Please use tf.linalg.trace instead.

WARNING:tensorflow:From C:\Users\yxu59\files\spring2026\park\external\DeepMahalanobisGP\library\models\deep_vmgp.py:633: The name tf.log is deprecated. Please use tf.math.log instead.

WARNING:tensorflow:From C:\Users\yxu59\files\spring2026\park\external\DeepMahalanobisGP\library\models\deep_vmgp.py:633: The name tf.log is deprecated. Please use tf.math.log instead.

WARNING:tensorflow:From C:\Users\yxu59\AppData\Local\miniconda3\envs\dmgp_tf1\lib\site-packages\gpflow\misc.py:239: The name tf.report_uninitialized_variables is deprecated. Please use tf.compat.v1.report_uninitialized_variables instead.

WARNING:tensorflow:From C:\Users\yxu59\AppData\Local\miniconda3\envs\dmgp_tf1\lib\site-packages\gpflow\misc.py:239: The name tf.report_uninitialized_variables is deprecated. Please use tf.compat.v1.report_uninitialized_variables instead.


